c:\users\adam\documents\visual studio 2015\projects\project\dating101\sfmlproject\sfmlproject\debug\vc140.pdb
c:\users\adam\documents\visual studio 2015\projects\project\dating101\sfmlproject\sfmlproject\debug\vc140.idb
c:\users\adam\documents\visual studio 2015\projects\project\dating101\sfmlproject\sfmlproject\debug\controller.obj
c:\users\adam\documents\visual studio 2015\projects\project\dating101\sfmlproject\sfmlproject\debug\game.obj
c:\users\adam\documents\visual studio 2015\projects\project\dating101\sfmlproject\sfmlproject\debug\inventory.obj
c:\users\adam\documents\visual studio 2015\projects\project\dating101\sfmlproject\sfmlproject\debug\item.obj
c:\users\adam\documents\visual studio 2015\projects\project\dating101\sfmlproject\sfmlproject\debug\main.obj
c:\users\adam\documents\visual studio 2015\projects\project\dating101\sfmlproject\sfmlproject\debug\model.obj
c:\users\adam\documents\visual studio 2015\projects\project\dating101\sfmlproject\sfmlproject\debug\player.obj
c:\users\adam\documents\visual studio 2015\projects\project\dating101\sfmlproject\sfmlproject\debug\view.obj
c:\users\adam\documents\visual studio 2015\projects\project\dating101\sfmlproject\sfmlproject\debug\zombie.obj
c:\users\adam\documents\visual studio 2015\projects\project\dating101\sfmlproject\debug\sfmlproject.ilk
c:\users\adam\documents\visual studio 2015\projects\project\dating101\sfmlproject\debug\sfmlproject.exe
c:\users\adam\documents\visual studio 2015\projects\project\dating101\sfmlproject\debug\sfmlproject.pdb
c:\users\adam\documents\visual studio 2015\projects\project\dating101\sfmlproject\sfmlproject\debug\sfmlproject.tlog\cl.command.1.tlog
c:\users\adam\documents\visual studio 2015\projects\project\dating101\sfmlproject\sfmlproject\debug\sfmlproject.tlog\cl.read.1.tlog
c:\users\adam\documents\visual studio 2015\projects\project\dating101\sfmlproject\sfmlproject\debug\sfmlproject.tlog\cl.write.1.tlog
c:\users\adam\documents\visual studio 2015\projects\project\dating101\sfmlproject\sfmlproject\debug\sfmlproject.tlog\link.command.1.tlog
c:\users\adam\documents\visual studio 2015\projects\project\dating101\sfmlproject\sfmlproject\debug\sfmlproject.tlog\link.read.1.tlog
c:\users\adam\documents\visual studio 2015\projects\project\dating101\sfmlproject\sfmlproject\debug\sfmlproject.tlog\link.write.1.tlog
